<testsuites>
  <testsuite name="Cogfather.Node.Tests.dll" tests="34" skipped="0" failures="0" errors="0" time="0.08248230000000002" timestamp="2026-05-28T20:48:49" hostname="legion-arch" id="0" package="Cogfather.Node.Tests.dll">
    <properties />
    <testcase classname="Cogfather.Node.Tests.FaultInjectorTests" name="TamperHash_HashTampering_ReturnsDeadBeefHash" time="0.0067418" />
    <testcase classname="Cogfather.Node.Tests.ManifestHashServiceTests" name="GenerateHash_SameManifest_ReturnsSameHash" time="0.0067681" />
    <testcase classname="Cogfather.Node.Tests.NodeInventoryTests" name="TryTakeComponent_NonExistentComponent_ReturnsFalse" time="0.0097902" />
    <testcase classname="Cogfather.Node.Tests.ProductionExecutionTests" name="ExecuteAsync_SilentFail_ReturnsFailureAndDoesNotAddToInventory" time="0.0100465" />
    <testcase classname="Cogfather.Node.Tests.FaultInjectorTests" name="GetLieInventoryCount_InventoryLie_ReturnsManipulatedCount" time="0.0003810" />
    <testcase classname="Cogfather.Node.Tests.FaultInjectorTests" name="ShouldSilentlyFail_SilentFailure_ReturnsTrueWhenProbabilityIs1" time="0.0003065" />
    <testcase classname="Cogfather.Node.Tests.FaultInjectorTests" name="TamperHash_HashTampering_ShortHash_ReturnsDeadBeef" time="0.0001127" />
    <testcase classname="Cogfather.Node.Tests.NodeInventoryTests" name="TryTakeComponent_InsufficientAmount_ReturnsFalse" time="0.0016718" />
    <testcase classname="Cogfather.Node.Tests.ProductionExecutionTests" name="ExecuteAsync_ManifestManipulation_AddsManipulatedComponentToInventory" time="0.0020231" />
    <testcase classname="Cogfather.Node.Tests.NodeInventoryTests" name="TryTakeComponent_InvalidComponentId_ThrowsArgumentException(componentId: &quot; &quot;)" time="0.0007257" />
    <testcase classname="Cogfather.Node.Tests.NodeInventoryTests" name="TryTakeComponent_InvalidComponentId_ThrowsArgumentException(componentId: null)" time="0.0001588" />
    <testcase classname="Cogfather.Node.Tests.NodeInventoryTests" name="TryTakeComponent_InvalidComponentId_ThrowsArgumentException(componentId: &quot;&quot;)" time="0.0000202" />
    <testcase classname="Cogfather.Node.Tests.ProductionExecutionTests" name="ExecuteAsync_SuccessfulExecution_AddsToInventoryAndReturnsSuccess" time="0.0009324" />
    <testcase classname="Cogfather.Node.Tests.NodeInventoryTests" name="AddComponent_InvalidComponentId_ThrowsArgumentException(componentId: null)" time="0.0004387" />
    <testcase classname="Cogfather.Node.Tests.ExecuteProductionOrderCommandHandlerTests" name="Handle_SilentFailure_DoesNotPublishReport" time="0.0132799" />
    <testcase classname="Cogfather.Node.Tests.NodeInventoryTests" name="AddComponent_InvalidComponentId_ThrowsArgumentException(componentId: &quot; &quot;)" time="0.0001635" />
    <testcase classname="Cogfather.Node.Tests.ManifestHashServiceTests" name="GenerateHash_DifferentManifest_ReturnsDifferentHash" time="0.0034293" />
    <testcase classname="Cogfather.Node.Tests.NodeInventoryTests" name="AddComponent_InvalidComponentId_ThrowsArgumentException(componentId: &quot;&quot;)" time="0.0000372" />
    <testcase classname="Cogfather.Node.Tests.NodeInventoryTests" name="AddComponent_NewComponent_AddsToInventory" time="0.0001207" />
    <testcase classname="Cogfather.Node.Tests.ProductionExecutionTests" name="ExecuteAsync_ResultManipulation_ReturnsManipulatedResult" time="0.0008896" />
    <testcase classname="Cogfather.Node.Tests.ExecuteProductionOrderCommandHandlerTests" name="Handle_SuccessfulExecution_PublishesReport" time="0.0011384" />
    <testcase classname="Cogfather.Node.Tests.NodeInventoryTests" name="TryTakeComponent_SufficientAmount_ReturnsTrueAndUpdatesAmount" time="0.0009021" />
    <testcase classname="Cogfather.Node.Tests.NodeInventoryTests" name="GetAll_WhenCalled_ReturnsAllItems" time="0.0031660" />
    <testcase classname="Cogfather.Node.Tests.NodeInventoryTests" name="TryTakeComponent_NegativeAmount_ThrowsArgumentOutOfRangeException" time="0.0002847" />
    <testcase classname="Cogfather.Node.Tests.NodeInventoryTests" name="GetCount_ExistingComponent_ReturnsCorrectCount" time="0.0001059" />
    <testcase classname="Cogfather.Node.Tests.NodeInventoryTests" name="GetCount_InvalidComponentId_ThrowsArgumentException(componentId: &quot; &quot;)" time="0.0002834" />
    <testcase classname="Cogfather.Node.Tests.NodeInventoryTests" name="GetCount_InvalidComponentId_ThrowsArgumentException(componentId: &quot;&quot;)" time="0.0001736" />
    <testcase classname="Cogfather.Node.Tests.NodeInventoryTests" name="GetCount_InvalidComponentId_ThrowsArgumentException(componentId: null)" time="0.0000199" />
    <testcase classname="Cogfather.Node.Tests.NodeInventoryTests" name="AddComponent_ExistingComponent_UpdatesAmount" time="0.0001769" />
    <testcase classname="Cogfather.Node.Tests.NodeInventoryTests" name="AddComponent_NegativeAmount_ThrowsArgumentOutOfRangeException" time="0.0002250" />
    <testcase classname="Cogfather.Node.Tests.NodeInventoryTests" name="GetCount_NonExistentComponent_ReturnsZero" time="0.0001029" />
    <testcase classname="Cogfather.Node.Tests.FaultInjectorTests" name="ApplyDelayIfNeededAsync_DelayedResponse_Waits" time="0.0150452" />
    <testcase classname="Cogfather.Node.Tests.FaultInjectorTests" name="ManipulateManifest_DataManipulation_AltersManifest" time="0.0005287" />
    <testcase classname="Cogfather.Node.Tests.FaultInjectorTests" name="SetFaultMode_UpdatesCurrentMode" time="0.0022919" />
    <system-out>
Test Framework Informational Messages:
[xUnit.net 00:00:00.00] xUnit.net VSTest Adapter v3.1.4+50e68bbb8b (64-bit .NET 10.0.8)
[xUnit.net 00:00:00.09]   Discovering: Cogfather.Node.Tests
[xUnit.net 00:00:00.14]   Discovered:  Cogfather.Node.Tests
[xUnit.net 00:00:00.18]   Starting:    Cogfather.Node.Tests
[xUnit.net 00:00:00.32]   Finished:    Cogfather.Node.Tests
</system-out>
    <system-err></system-err>
  </testsuite>
</testsuites>